<?xml version="1.0" encoding="UTF-8"?>
<testsuite xmlns:xsi="http://www.w3.org/2001/XMLSchema-instance" xsi:noNamespaceSchemaLocation="https://maven.apache.org/surefire/maven-surefire-plugin/xsd/surefire-test-report-3.0.xsd" version="3.0" name="com.elevator.ElevatorSystemTest" time="17.022" tests="4" errors="0" skipped="0" failures="0">
  <properties>
    <property name="java.specification.version" value="21"/>
    <property name="sun.jnu.encoding" value="UTF-8"/>
    <property name="java.class.path" value="/home/gork/IdeaProjects/coding-challenge/target/test-classes:/home/gork/IdeaProjects/coding-challenge/target/classes:/home/gork/.m2/repository/junit/junit/4.13.2/junit-4.13.2.jar:/home/gork/.m2/repository/org/hamcrest/hamcrest-core/1.3/hamcrest-core-1.3.jar:"/>
    <property name="java.vm.vendor" value="Eclipse Adoptium"/>
    <property name="sun.arch.data.model" value="64"/>
    <property name="java.vendor.url" value="https://adoptium.net/"/>
    <property name="user.timezone" value="Europe/Vienna"/>
    <property name="os.name" value="Linux"/>
    <property name="java.vm.specification.version" value="21"/>
    <property name="sun.java.launcher" value="SUN_STANDARD"/>
    <property name="user.country" value="US"/>
    <property name="sun.boot.library.path" value="/opt/jdk-21.0.5+11/lib"/>
    <property name="sun.java.command" value="/home/gork/IdeaProjects/coding-challenge/target/surefire/surefirebooter-20250105133342365_3.jar /home/gork/IdeaProjects/coding-challenge/target/surefire 2025-01-05T13-33-41_393-jvmRun1 surefire-20250105133342365_1tmp surefire_0-20250105133342365_2tmp"/>
    <property name="jdk.debug" value="release"/>
    <property name="surefire.test.class.path" value="/home/gork/IdeaProjects/coding-challenge/target/test-classes:/home/gork/IdeaProjects/coding-challenge/target/classes:/home/gork/.m2/repository/junit/junit/4.13.2/junit-4.13.2.jar:/home/gork/.m2/repository/org/hamcrest/hamcrest-core/1.3/hamcrest-core-1.3.jar:"/>
    <property name="sun.cpu.endian" value="little"/>
    <property name="user.home" value="/home/gork"/>
    <property name="user.language" value="en"/>
    <property name="java.specification.vendor" value="Oracle Corporation"/>
    <property name="java.version.date" value="2024-10-15"/>
    <property name="java.home" value="/opt/jdk-21.0.5+11"/>
    <property name="file.separator" value="/"/>
    <property name="basedir" value="/home/gork/IdeaProjects/coding-challenge"/>
    <property name="java.vm.compressedOopsMode" value="Zero based"/>
    <property name="line.separator" value="&#10;"/>
    <property name="java.specification.name" value="Java Platform API Specification"/>
    <property name="java.vm.specification.vendor" value="Oracle Corporation"/>
    <property name="surefire.real.class.path" value="/home/gork/IdeaProjects/coding-challenge/target/surefire/surefirebooter-20250105133342365_3.jar"/>
    <property name="sun.management.compiler" value="HotSpot 64-Bit Tiered Compilers"/>
    <property name="java.runtime.version" value="21.0.5+11-LTS"/>
    <property name="user.name" value="gork"/>
    <property name="stdout.encoding" value="UTF-8"/>
    <property name="path.separator" value=":"/>
    <property name="os.version" value="6.8.0-50-generic"/>
    <property name="java.runtime.name" value="OpenJDK Runtime Environment"/>
    <property name="file.encoding" value="UTF-8"/>
    <property name="java.vm.name" value="OpenJDK 64-Bit Server VM"/>
    <property name="java.vendor.version" value="Temurin-21.0.5+11"/>
    <property name="localRepository" value="/home/gork/.m2/repository"/>
    <property name="java.vendor.url.bug" value="https://github.com/adoptium/adoptium-support/issues"/>
    <property name="java.io.tmpdir" value="/tmp"/>
    <property name="idea.version" value="2024.3"/>
    <property name="java.version" value="21.0.5"/>
    <property name="user.dir" value="/home/gork/IdeaProjects/coding-challenge"/>
    <property name="os.arch" value="amd64"/>
    <property name="java.vm.specification.name" value="Java Virtual Machine Specification"/>
    <property name="native.encoding" value="UTF-8"/>
    <property name="java.library.path" value="/usr/java/packages/lib:/usr/lib64:/lib64:/lib:/usr/lib"/>
    <property name="java.vm.info" value="mixed mode, sharing"/>
    <property name="stderr.encoding" value="UTF-8"/>
    <property name="java.vendor" value="Eclipse Adoptium"/>
    <property name="java.vm.version" value="21.0.5+11-LTS"/>
    <property name="sun.io.unicode.encoding" value="UnicodeLittle"/>
    <property name="java.class.version" value="65.0"/>
  </properties>
  <testcase name="testMultipleRequests" classname="com.elevator.ElevatorSystemTest" time="10.004"/>
  <testcase name="testShutdown" classname="com.elevator.ElevatorSystemTest" time="3.004"/>
  <testcase name="testSystemInitialization" classname="com.elevator.ElevatorSystemTest" time="2.004"/>
  <testcase name="testRequestSubmission" classname="com.elevator.ElevatorSystemTest" time="2.004"/>
</testsuite>